** Invoke db:migrate (first_time)
** Invoke environment (first_time)
** Execute environment
** Invoke db:load_config (first_time)
** Execute db:load_config
** Execute db:migrate
rake aborted!
StandardError: An error has occurred, this and all later migrations canceled:

undefined method `reference' for #<ActiveRecord::ConnectionAdapters::TableDefinition:0x0000010673c740>/Users/Shared/Tech Stuff/Learning/Learning Ruby/RailsWorkSpace/quick_blog/db/migrate/20140620063136_create_comments.rb:4:in `block in change'
/Users/shihotakagi/.rvm/gems/ruby-2.1.2/gems/activerecord-4.1.1/lib/active_record/connection_adapters/abstract/schema_statements.rb:198:in `create_table'
/Users/shihotakagi/.rvm/gems/ruby-2.1.2/gems/activerecord-4.1.1/lib/active_record/migration.rb:649:in `block in method_missing'
/Users/shihotakagi/.rvm/gems/ruby-2.1.2/gems/activerecord-4.1.1/lib/active_record/migration.rb:621:in `block in say_with_time'
/Users/shihotakagi/.rvm/rubies/ruby-2.1.2/lib/ruby/2.1.0/benchmark.rb:279:in `measure'
/Users/shihotakagi/.rvm/gems/ruby-2.1.2/gems/activerecord-4.1.1/lib/active_record/migration.rb:621:in `say_with_time'
/Users/shihotakagi/.rvm/gems/ruby-2.1.2/gems/activerecord-4.1.1/lib/active_record/migration.rb:641:in `method_missing'
/Users/Shared/Tech Stuff/Learning/Learning Ruby/RailsWorkSpace/quick_blog/db/migrate/20140620063136_create_comments.rb:3:in `change'
/Users/shihotakagi/.rvm/gems/ruby-2.1.2/gems/activerecord-4.1.1/lib/active_record/migration.rb:595:in `exec_migration'
/Users/shihotakagi/.rvm/gems/ruby-2.1.2/gems/activerecord-4.1.1/lib/active_record/migration.rb:579:in `block (2 levels) in migrate'
/Users/shihotakagi/.rvm/rubies/ruby-2.1.2/lib/ruby/2.1.0/benchmark.rb:279:in `measure'
/Users/shihotakagi/.rvm/gems/ruby-2.1.2/gems/activerecord-4.1.1/lib/active_record/migration.rb:578:in `block in migrate'
/Users/shihotakagi/.rvm/gems/ruby-2.1.2/gems/activerecord-4.1.1/lib/active_record/connection_adapters/abstract/connection_pool.rb:294:in `with_connection'
/Users/shihotakagi/.rvm/gems/ruby-2.1.2/gems/activerecord-4.1.1/lib/active_record/migration.rb:577:in `migrate'
/Users/shihotakagi/.rvm/gems/ruby-2.1.2/gems/activerecord-4.1.1/lib/active_record/migration.rb:752:in `migrate'
/Users/shihotakagi/.rvm/gems/ruby-2.1.2/gems/activerecord-4.1.1/lib/active_record/migration.rb:992:in `block in execute_migration_in_transaction'
/Users/shihotakagi/.rvm/gems/ruby-2.1.2/gems/activerecord-4.1.1/lib/active_record/migration.rb:1038:in `block in ddl_transaction'
/Users/shihotakagi/.rvm/gems/ruby-2.1.2/gems/activerecord-4.1.1/lib/active_record/connection_adapters/abstract/database_statements.rb:211:in `block in transaction'
/Users/shihotakagi/.rvm/gems/ruby-2.1.2/gems/activerecord-4.1.1/lib/active_record/connection_adapters/abstract/database_statements.rb:219:in `within_new_transaction'
/Users/shihotakagi/.rvm/gems/ruby-2.1.2/gems/activerecord-4.1.1/lib/active_record/connection_adapters/abstract/database_statements.rb:211:in `transaction'
/Users/shihotakagi/.rvm/gems/ruby-2.1.2/gems/activerecord-4.1.1/lib/active_record/transactions.rb:208:in `transaction'
/Users/shihotakagi/.rvm/gems/ruby-2.1.2/gems/activerecord-4.1.1/lib/active_record/migration.rb:1038:in `ddl_transaction'
/Users/shihotakagi/.rvm/gems/ruby-2.1.2/gems/activerecord-4.1.1/lib/active_record/migration.rb:991:in `execute_migration_in_transaction'
/Users/shihotakagi/.rvm/gems/ruby-2.1.2/gems/activerecord-4.1.1/lib/active_record/migration.rb:953:in `block in migrate'
/Users/shihotakagi/.rvm/gems/ruby-2.1.2/gems/activerecord-4.1.1/lib/active_record/migration.rb:949:in `each'
/Users/shihotakagi/.rvm/gems/ruby-2.1.2/gems/activerecord-4.1.1/lib/active_record/migration.rb:949:in `migrate'
/Users/shihotakagi/.rvm/gems/ruby-2.1.2/gems/activerecord-4.1.1/lib/active_record/migration.rb:807:in `up'
/Users/shihotakagi/.rvm/gems/ruby-2.1.2/gems/activerecord-4.1.1/lib/active_record/migration.rb:785:in `migrate'
/Users/shihotakagi/.rvm/gems/ruby-2.1.2/gems/activerecord-4.1.1/lib/active_record/railties/databases.rake:34:in `block (2 levels) in <top (required)>'
/Users/shihotakagi/.rvm/gems/ruby-2.1.2/gems/rake-10.3.2/lib/rake/task.rb:240:in `call'
/Users/shihotakagi/.rvm/gems/ruby-2.1.2/gems/rake-10.3.2/lib/rake/task.rb:240:in `block in execute'
/Users/shihotakagi/.rvm/gems/ruby-2.1.2/gems/rake-10.3.2/lib/rake/task.rb:235:in `each'
/Users/shihotakagi/.rvm/gems/ruby-2.1.2/gems/rake-10.3.2/lib/rake/task.rb:235:in `execute'
/Users/shihotakagi/.rvm/gems/ruby-2.1.2/gems/rake-10.3.2/lib/rake/task.rb:179:in `block in invoke_with_call_chain'
/Users/shihotakagi/.rvm/rubies/ruby-2.1.2/lib/ruby/2.1.0/monitor.rb:211:in `mon_synchronize'
/Users/shihotakagi/.rvm/gems/ruby-2.1.2/gems/rake-10.3.2/lib/rake/task.rb:172:in `invoke_with_call_chain'
/Users/shihotakagi/.rvm/gems/ruby-2.1.2/gems/rake-10.3.2/lib/rake/task.rb:165:in `invoke'
/Users/shihotakagi/.rvm/gems/ruby-2.1.2/gems/rake-10.3.2/lib/rake/application.rb:150:in `invoke_task'
/Users/shihotakagi/.rvm/gems/ruby-2.1.2/gems/rake-10.3.2/lib/rake/application.rb:106:in `block (2 levels) in top_level'
/Users/shihotakagi/.rvm/gems/ruby-2.1.2/gems/rake-10.3.2/lib/rake/application.rb:106:in `each'
/Users/shihotakagi/.rvm/gems/ruby-2.1.2/gems/rake-10.3.2/lib/rake/application.rb:106:in `block in top_level'
/Users/shihotakagi/.rvm/gems/ruby-2.1.2/gems/rake-10.3.2/lib/rake/application.rb:115:in `run_with_threads'
/Users/shihotakagi/.rvm/gems/ruby-2.1.2/gems/rake-10.3.2/lib/rake/application.rb:100:in `top_level'
/Users/shihotakagi/.rvm/gems/ruby-2.1.2/gems/rake-10.3.2/lib/rake/application.rb:78:in `block in run'
/Users/shihotakagi/.rvm/gems/ruby-2.1.2/gems/rake-10.3.2/lib/rake/application.rb:176:in `standard_exception_handling'
/Users/shihotakagi/.rvm/gems/ruby-2.1.2/gems/rake-10.3.2/lib/rake/application.rb:75:in `run'
/Users/shihotakagi/.rvm/gems/ruby-2.1.2/gems/rake-10.3.2/bin/rake:33:in `<top (required)>'
/Users/shihotakagi/.rvm/gems/ruby-2.1.2/bin/rake:23:in `load'
/Users/shihotakagi/.rvm/gems/ruby-2.1.2/bin/rake:23:in `<main>'
NoMethodError: undefined method `reference' for #<ActiveRecord::ConnectionAdapters::TableDefinition:0x0000010673c740>
/Users/Shared/Tech Stuff/Learning/Learning Ruby/RailsWorkSpace/quick_blog/db/migrate/20140620063136_create_comments.rb:4:in `block in change'
/Users/shihotakagi/.rvm/gems/ruby-2.1.2/gems/activerecord-4.1.1/lib/active_record/connection_adapters/abstract/schema_statements.rb:198:in `create_table'
/Users/shihotakagi/.rvm/gems/ruby-2.1.2/gems/activerecord-4.1.1/lib/active_record/migration.rb:649:in `block in method_missing'
/Users/shihotakagi/.rvm/gems/ruby-2.1.2/gems/activerecord-4.1.1/lib/active_record/migration.rb:621:in `block in say_with_time'
/Users/shihotakagi/.rvm/rubies/ruby-2.1.2/lib/ruby/2.1.0/benchmark.rb:279:in `measure'
/Users/shihotakagi/.rvm/gems/ruby-2.1.2/gems/activerecord-4.1.1/lib/active_record/migration.rb:621:in `say_with_time'
/Users/shihotakagi/.rvm/gems/ruby-2.1.2/gems/activerecord-4.1.1/lib/active_record/migration.rb:641:in `method_missing'
/Users/Shared/Tech Stuff/Learning/Learning Ruby/RailsWorkSpace/quick_blog/db/migrate/20140620063136_create_comments.rb:3:in `change'
/Users/shihotakagi/.rvm/gems/ruby-2.1.2/gems/activerecord-4.1.1/lib/active_record/migration.rb:595:in `exec_migration'
/Users/shihotakagi/.rvm/gems/ruby-2.1.2/gems/activerecord-4.1.1/lib/active_record/migration.rb:579:in `block (2 levels) in migrate'
/Users/shihotakagi/.rvm/rubies/ruby-2.1.2/lib/ruby/2.1.0/benchmark.rb:279:in `measure'
/Users/shihotakagi/.rvm/gems/ruby-2.1.2/gems/activerecord-4.1.1/lib/active_record/migration.rb:578:in `block in migrate'
/Users/shihotakagi/.rvm/gems/ruby-2.1.2/gems/activerecord-4.1.1/lib/active_record/connection_adapters/abstract/connection_pool.rb:294:in `with_connection'
/Users/shihotakagi/.rvm/gems/ruby-2.1.2/gems/activerecord-4.1.1/lib/active_record/migration.rb:577:in `migrate'
/Users/shihotakagi/.rvm/gems/ruby-2.1.2/gems/activerecord-4.1.1/lib/active_record/migration.rb:752:in `migrate'
/Users/shihotakagi/.rvm/gems/ruby-2.1.2/gems/activerecord-4.1.1/lib/active_record/migration.rb:992:in `block in execute_migration_in_transaction'
/Users/shihotakagi/.rvm/gems/ruby-2.1.2/gems/activerecord-4.1.1/lib/active_record/migration.rb:1038:in `block in ddl_transaction'
/Users/shihotakagi/.rvm/gems/ruby-2.1.2/gems/activerecord-4.1.1/lib/active_record/connection_adapters/abstract/database_statements.rb:211:in `block in transaction'
/Users/shihotakagi/.rvm/gems/ruby-2.1.2/gems/activerecord-4.1.1/lib/active_record/connection_adapters/abstract/database_statements.rb:219:in `within_new_transaction'
/Users/shihotakagi/.rvm/gems/ruby-2.1.2/gems/activerecord-4.1.1/lib/active_record/connection_adapters/abstract/database_statements.rb:211:in `transaction'
/Users/shihotakagi/.rvm/gems/ruby-2.1.2/gems/activerecord-4.1.1/lib/active_record/transactions.rb:208:in `transaction'
/Users/shihotakagi/.rvm/gems/ruby-2.1.2/gems/activerecord-4.1.1/lib/active_record/migration.rb:1038:in `ddl_transaction'
/Users/shihotakagi/.rvm/gems/ruby-2.1.2/gems/activerecord-4.1.1/lib/active_record/migration.rb:991:in `execute_migration_in_transaction'
/Users/shihotakagi/.rvm/gems/ruby-2.1.2/gems/activerecord-4.1.1/lib/active_record/migration.rb:953:in `block in migrate'
/Users/shihotakagi/.rvm/gems/ruby-2.1.2/gems/activerecord-4.1.1/lib/active_record/migration.rb:949:in `each'
/Users/shihotakagi/.rvm/gems/ruby-2.1.2/gems/activerecord-4.1.1/lib/active_record/migration.rb:949:in `migrate'
/Users/shihotakagi/.rvm/gems/ruby-2.1.2/gems/activerecord-4.1.1/lib/active_record/migration.rb:807:in `up'
/Users/shihotakagi/.rvm/gems/ruby-2.1.2/gems/activerecord-4.1.1/lib/active_record/migration.rb:785:in `migrate'
/Users/shihotakagi/.rvm/gems/ruby-2.1.2/gems/activerecord-4.1.1/lib/active_record/railties/databases.rake:34:in `block (2 levels) in <top (required)>'
/Users/shihotakagi/.rvm/gems/ruby-2.1.2/gems/rake-10.3.2/lib/rake/task.rb:240:in `call'
/Users/shihotakagi/.rvm/gems/ruby-2.1.2/gems/rake-10.3.2/lib/rake/task.rb:240:in `block in execute'
/Users/shihotakagi/.rvm/gems/ruby-2.1.2/gems/rake-10.3.2/lib/rake/task.rb:235:in `each'
/Users/shihotakagi/.rvm/gems/ruby-2.1.2/gems/rake-10.3.2/lib/rake/task.rb:235:in `execute'
/Users/shihotakagi/.rvm/gems/ruby-2.1.2/gems/rake-10.3.2/lib/rake/task.rb:179:in `block in invoke_with_call_chain'
/Users/shihotakagi/.rvm/rubies/ruby-2.1.2/lib/ruby/2.1.0/monitor.rb:211:in `mon_synchronize'
/Users/shihotakagi/.rvm/gems/ruby-2.1.2/gems/rake-10.3.2/lib/rake/task.rb:172:in `invoke_with_call_chain'
/Users/shihotakagi/.rvm/gems/ruby-2.1.2/gems/rake-10.3.2/lib/rake/task.rb:165:in `invoke'
/Users/shihotakagi/.rvm/gems/ruby-2.1.2/gems/rake-10.3.2/lib/rake/application.rb:150:in `invoke_task'
/Users/shihotakagi/.rvm/gems/ruby-2.1.2/gems/rake-10.3.2/lib/rake/application.rb:106:in `block (2 levels) in top_level'
/Users/shihotakagi/.rvm/gems/ruby-2.1.2/gems/rake-10.3.2/lib/rake/application.rb:106:in `each'
/Users/shihotakagi/.rvm/gems/ruby-2.1.2/gems/rake-10.3.2/lib/rake/application.rb:106:in `block in top_level'
/Users/shihotakagi/.rvm/gems/ruby-2.1.2/gems/rake-10.3.2/lib/rake/application.rb:115:in `run_with_threads'
/Users/shihotakagi/.rvm/gems/ruby-2.1.2/gems/rake-10.3.2/lib/rake/application.rb:100:in `top_level'
/Users/shihotakagi/.rvm/gems/ruby-2.1.2/gems/rake-10.3.2/lib/rake/application.rb:78:in `block in run'
/Users/shihotakagi/.rvm/gems/ruby-2.1.2/gems/rake-10.3.2/lib/rake/application.rb:176:in `standard_exception_handling'
/Users/shihotakagi/.rvm/gems/ruby-2.1.2/gems/rake-10.3.2/lib/rake/application.rb:75:in `run'
/Users/shihotakagi/.rvm/gems/ruby-2.1.2/gems/rake-10.3.2/bin/rake:33:in `<top (required)>'
/Users/shihotakagi/.rvm/gems/ruby-2.1.2/bin/rake:23:in `load'
/Users/shihotakagi/.rvm/gems/ruby-2.1.2/bin/rake:23:in `<main>'
Tasks: TOP => db:migrate
== 20140620063136 CreateComments: migrating ===================================
-- create_table(:comments)
